c:\users\manal270.ad\source\repos\tsbk07\project\debug\vc142.pdb
c:\users\manal270.ad\source\repos\tsbk07\project\debug\game.obj
c:\users\manal270.ad\source\repos\tsbk07\project\debug\microglut.obj
c:\users\manal270.ad\source\repos\tsbk07\project\debug\glew.obj
c:\users\manal270.ad\source\repos\tsbk07\project\debug\vectorutils3.obj
c:\users\manal270.ad\source\repos\tsbk07\project\debug\loadobj.obj
c:\users\manal270.ad\source\repos\tsbk07\project\debug\loadtga.obj
c:\users\manal270.ad\source\repos\tsbk07\project\debug\littleobjloader.obj
c:\users\manal270.ad\source\repos\tsbk07\project\debug\gl_utilities.obj
c:\users\manal270.ad\source\repos\tsbk07\project\debug\tsbk07project.pdb
c:\users\manal270.ad\source\repos\tsbk07\project\debug\tsbk07project.tlog\cl.command.1.tlog
c:\users\manal270.ad\source\repos\tsbk07\project\debug\tsbk07project.tlog\cl.read.1.tlog
c:\users\manal270.ad\source\repos\tsbk07\project\debug\tsbk07project.tlog\cl.write.1.tlog
c:\users\manal270.ad\source\repos\tsbk07\project\debug\tsbk07project.tlog\link-cvtres.read.1.tlog
c:\users\manal270.ad\source\repos\tsbk07\project\debug\tsbk07project.tlog\link-cvtres.write.1.tlog
c:\users\manal270.ad\source\repos\tsbk07\project\debug\tsbk07project.tlog\link-rc.read.1.tlog
c:\users\manal270.ad\source\repos\tsbk07\project\debug\tsbk07project.tlog\link-rc.write.1.tlog
c:\users\manal270.ad\source\repos\tsbk07\project\debug\tsbk07project.tlog\link.command.1.tlog
c:\users\manal270.ad\source\repos\tsbk07\project\debug\tsbk07project.tlog\link.read.1.tlog
c:\users\manal270.ad\source\repos\tsbk07\project\debug\tsbk07project.tlog\link.write.1.tlog
